[01/07/2026 12:41:22] Execução do scrape.py iniciada (GitHub Actions).
[01/07/2026 12:41:22] Iniciando coleta: https://www.copel.com/mhbweb/paginas/bacia-iguacu.jsf
[01/07/2026 12:41:47] Coleta concluída: https://www.copel.com/mhbweb/paginas/bacia-iguacu.jsf (4412 caracteres)
[01/07/2026 12:41:47] Medições extraídas: 60
[01/07/2026 12:41:47] Iniciando coleta: https://www.copel.com/mhbweb/paginas/previsao.jsf
[01/07/2026 12:42:02] Coleta concluída: https://www.copel.com/mhbweb/paginas/previsao.jsf (1064 caracteres)
[01/07/2026 12:42:02] Previsões extraídas: 6
[01/07/2026 12:42:02] Dados atualizados com sucesso.
[01/07/2026 12:42:02] data.json gravado (14960 bytes).
[01/07/2026 15:02:26] Execução do scrape.py iniciada (GitHub Actions).
[01/07/2026 15:02:26] Iniciando coleta: https://www.copel.com/mhbweb/paginas/bacia-iguacu.jsf
[01/07/2026 15:02:46] Coleta concluída: https://www.copel.com/mhbweb/paginas/bacia-iguacu.jsf (4377 caracteres)
[01/07/2026 15:02:46] Medições extraídas: 72
[01/07/2026 15:02:46] Iniciando coleta: https://www.copel.com/mhbweb/paginas/previsao.jsf
[01/07/2026 15:03:00] Coleta concluída: https://www.copel.com/mhbweb/paginas/previsao.jsf (1064 caracteres)
[01/07/2026 15:03:00] Previsões extraídas: 6
[01/07/2026 15:03:00] Dados atualizados com sucesso.
[01/07/2026 15:03:00] data.json gravado (17385 bytes).
[01/07/2026 15:46:35] Execução do scrape.py iniciada (GitHub Actions).
[01/07/2026 15:46:35] Iniciando coleta: https://www.copel.com/mhbweb/paginas/bacia-iguacu.jsf
[01/07/2026 15:47:02] Coleta concluída: https://www.copel.com/mhbweb/paginas/bacia-iguacu.jsf (4418 caracteres)
[01/07/2026 15:47:02] Medições extraídas: 73
[01/07/2026 15:47:02] Iniciando coleta: https://www.copel.com/mhbweb/paginas/previsao.jsf
[01/07/2026 15:47:16] Coleta concluída: https://www.copel.com/mhbweb/paginas/previsao.jsf (1064 caracteres)
[01/07/2026 15:47:16] Previsões extraídas: 6
[01/07/2026 15:47:16] Dados atualizados com sucesso.
[01/07/2026 15:47:16] data.json gravado (17588 bytes).
[01/07/2026 19:05:44] Execução do scrape.py iniciada (GitHub Actions).
[01/07/2026 19:05:44] Iniciando coleta: https://www.copel.com/mhbweb/paginas/bacia-iguacu.jsf
[01/07/2026 19:06:03] Coleta concluída: https://www.copel.com/mhbweb/paginas/bacia-iguacu.jsf (4385 caracteres)
[01/07/2026 19:06:03] Medições extraídas: 72
[01/07/2026 19:06:03] Iniciando coleta: https://www.copel.com/mhbweb/paginas/previsao.jsf
[01/07/2026 19:06:17] Coleta concluída: https://www.copel.com/mhbweb/paginas/previsao.jsf (1064 caracteres)
[01/07/2026 19:06:17] Previsões extraídas: 6
[01/07/2026 19:06:17] Dados atualizados com sucesso.
[01/07/2026 19:06:17] data.json gravado (17380 bytes).
